<?xml version="1.0" encoding="UTF-8"?>
<!-- Generated by org.testng.reporters.JUnitXMLReporter -->
<testsuite ignored="0" hostname="CISPL-IO-199.local" failures="0" tests="7" name="Test1" time="31.148" errors="0" timestamp="2024-07-13T18:35:44 IST">
  <testcase classname="Test.BaseTest" name="signUpTest" time="6.268"/>
  <testcase classname="Test.BaseTest" name="loginTest" time="4.353"/>
  <testcase classname="Test.BaseTest" name="selectProductAndAddToCartTest" time="14.978"/>
  <testcase classname="Test.BaseTest" name="VerifyCartProducts" time="4.108"/>
  <testcase classname="Test.BaseTest" name="PurchaseWithoutFillingTheForm" time="0.607"/>
  <testcase classname="Test.BaseTest" name="PurchaseAfterFillingTheForm" time="0.571"/>
  <testcase classname="Test.BaseTest" name="VerifyOrderDetails" time="0.028"/>
</testsuite> <!-- Test1 -->
