<?xml version="1.0" encoding="UTF-8"?>
<testng-results ignored="0" total="7" passed="7" failed="0" skipped="0">
  <reporter-output>
  </reporter-output>
  <suite started-at="2024-07-22T13:34:32 IST" name="Suite" finished-at="2024-07-22T13:35:03 IST" duration-ms="31265">
    <groups>
    </groups>
    <test started-at="2024-07-22T13:34:32 IST" name="Test" finished-at="2024-07-22T13:35:03 IST" duration-ms="31265">
      <class name="Test.BaseTest">
        <test-method signature="signUpTest()[pri:1, instance:Test.BaseTest@74f7d1d2]" started-at="2024-07-22T13:34:32 IST" name="signUpTest" finished-at="2024-07-22T13:34:39 IST" duration-ms="6640" status="PASS">
          <reporter-output>
          </reporter-output>
        </test-method> <!-- signUpTest -->
        <test-method signature="loginTest()[pri:2, instance:Test.BaseTest@74f7d1d2]" started-at="2024-07-22T13:34:39 IST" name="loginTest" finished-at="2024-07-22T13:34:43 IST" duration-ms="4215" status="PASS">
          <reporter-output>
          </reporter-output>
        </test-method> <!-- loginTest -->
        <test-method signature="selectProductAndAddToCartTest()[pri:3, instance:Test.BaseTest@74f7d1d2]" started-at="2024-07-22T13:34:43 IST" name="selectProductAndAddToCartTest" finished-at="2024-07-22T13:34:58 IST" duration-ms="14860" status="PASS">
          <reporter-output>
          </reporter-output>
        </test-method> <!-- selectProductAndAddToCartTest -->
        <test-method signature="VerifyCartProducts()[pri:4, instance:Test.BaseTest@74f7d1d2]" started-at="2024-07-22T13:34:58 IST" name="VerifyCartProducts" finished-at="2024-07-22T13:35:02 IST" duration-ms="3979" status="PASS">
          <reporter-output>
          </reporter-output>
        </test-method> <!-- VerifyCartProducts -->
        <test-method signature="PurchaseWithoutFillingTheForm()[pri:5, instance:Test.BaseTest@74f7d1d2]" started-at="2024-07-22T13:35:02 IST" name="PurchaseWithoutFillingTheForm" finished-at="2024-07-22T13:35:02 IST" duration-ms="637" status="PASS">
          <reporter-output>
          </reporter-output>
        </test-method> <!-- PurchaseWithoutFillingTheForm -->
        <test-method signature="PurchaseAfterFillingTheForm()[pri:6, instance:Test.BaseTest@74f7d1d2]" started-at="2024-07-22T13:35:02 IST" name="PurchaseAfterFillingTheForm" finished-at="2024-07-22T13:35:03 IST" duration-ms="622" status="PASS">
          <reporter-output>
          </reporter-output>
        </test-method> <!-- PurchaseAfterFillingTheForm -->
        <test-method signature="VerifyOrderDetails()[pri:7, instance:Test.BaseTest@74f7d1d2]" started-at="2024-07-22T13:35:03 IST" name="VerifyOrderDetails" finished-at="2024-07-22T13:35:03 IST" duration-ms="24" status="PASS">
          <reporter-output>
          </reporter-output>
        </test-method> <!-- VerifyOrderDetails -->
        <test-method is-config="true" signature="quitDriver()[pri:0, instance:Test.BaseTest@74f7d1d2]" started-at="2024-07-22T13:35:03 IST" name="quitDriver" finished-at="2024-07-22T13:35:03 IST" duration-ms="251" status="PASS">
          <reporter-output>
          </reporter-output>
        </test-method> <!-- quitDriver -->
      </class> <!-- Test.BaseTest -->
    </test> <!-- Test -->
  </suite> <!-- Suite -->
</testng-results>
